<?xml version="1.0" encoding="UTF-8"?>
<!-- Generated by org.testng.reporters.JUnitReportReporter -->
<testsuite hostname="LAPTOP-CL407034" failures="0" tests="1" name="tutorialsninja.tests.TC_RF_013" time="13.166" errors="0" timestamp="2025-06-22T14:25:18 IST" skipped="0">
  <testcase classname="tutorialsninja.tests.TC_RF_013" name="VerifyLeadingAndTrilingSpaceWhileRegistration" time="13.166"/>
</testsuite> <!-- tutorialsninja.tests.TC_RF_013 -->
