<?xml version="1.0" encoding="UTF-8"?>
<!-- Generated by org.testng.reporters.JUnitReportReporter -->
<testsuite hostname="LAPTOP-CL407034" failures="0" tests="3" name="tutorialsninja.register.TC_RF_020" time="23.114" errors="0" timestamp="2025-06-19T18:35:15 IST" skipped="0">
  <testcase classname="tutorialsninja.register.TC_RF_020" name="VerifyMultipleBrowserApplicationWorking" time="9.329"/>
  <testcase classname="tutorialsninja.register.TC_RF_020" name="VerifyMultipleBrowserApplicationWorking" time="6.126"/>
  <testcase classname="tutorialsninja.register.TC_RF_020" name="VerifyMultipleBrowserApplicationWorking" time="7.659"/>
</testsuite> <!-- tutorialsninja.register.TC_RF_020 -->
