<?xml version="1.0" encoding="UTF-8"?>
<!-- Generated by org.testng.reporters.JUnitReportReporter -->
<testsuite hostname="LAPTOP-CL407034" failures="0" tests="1" name="tutorialsninja.tests.TC_RF_019" time="4.222" errors="0" timestamp="2025-06-23T07:24:54 IST" skipped="0">
  <testcase classname="tutorialsninja.tests.TC_RF_019" name="VerifyBreadcurmURLTitleHeading" time="4.222"/>
</testsuite> <!-- tutorialsninja.tests.TC_RF_019 -->
