<?xml version="1.0" encoding="UTF-8"?>
<!-- Generated by org.testng.reporters.JUnitReportReporter -->
<testsuite hostname="LAPTOP-CL407034" failures="0" tests="9" name="tutorialsninja.tests.Login" time="38.664" errors="0" timestamp="2025-07-07T18:19:13 IST" skipped="0">
  <testcase classname="tutorialsninja.tests.Login" name="verifyLoginWithValidCredencials" time="4.250"/>
  <testcase classname="tutorialsninja.tests.Login" name="verifyLoginWithInvalidCredencial" time="4.488"/>
  <testcase classname="tutorialsninja.tests.Login" name="verifyLoginWithInvalidEmailWithValidPassword" time="4.522"/>
  <testcase classname="tutorialsninja.tests.Login" name="verifyLoginWithvalidEmailWithInValidPassword" time="4.427"/>
  <testcase classname="tutorialsninja.tests.Login" name="verifyLoginWithoutCredencial" time="4.033"/>
  <testcase classname="tutorialsninja.tests.Login" name="verifyForgottenPasswordLinkInLoginPage" time="3.273"/>
  <testcase classname="tutorialsninja.tests.Login" name="verifyLoginPlaceholder" time="3.551"/>
  <testcase classname="tutorialsninja.tests.Login" name="verifyBrowserBackAfterLogin" time="4.849"/>
  <testcase classname="tutorialsninja.tests.Login" name="VerifyBrowserBackAfterLogout" time="5.271"/>
</testsuite> <!-- tutorialsninja.tests.Login -->
