<?xml version="1.0" encoding="UTF-8"?>
<!-- Generated by org.testng.reporters.JUnitReportReporter -->
<testsuite hostname="LAPTOP-CL407034" failures="0" tests="22" name="tutorialsninja.tests.Register" time="128.427" errors="0" timestamp="2025-07-07T18:19:13 IST" skipped="0">
  <testcase classname="tutorialsninja.tests.Register" name="VerifyRegistringWithMandotoryField" time="6.428"/>
  <testcase classname="tutorialsninja.tests.Register" name="VerifyRegisterWithoutFillingField" time="4.880"/>
  <testcase classname="tutorialsninja.tests.Register" name="VerifyNewspaper" time="7.065"/>
  <testcase classname="tutorialsninja.tests.Register" name="verifyNewspaperByNo" time="6.373"/>
  <testcase classname="tutorialsninja.tests.Register" name="verifynavigatingToRegisterAccountUsingMultipleWays" time="5.671"/>
  <testcase classname="tutorialsninja.tests.Register" name="verifyWrongPasswordWaringMessage" time="5.263"/>
  <testcase classname="tutorialsninja.tests.Register" name="verifyDublicateEmailWarningMessage" time="5.196"/>
  <testcase classname="tutorialsninja.tests.Register" name="VerifyAllPlaceholder" time="4.020"/>
  <testcase classname="tutorialsninja.tests.Register" name="VerifyMendatoryField" time="3.835"/>
  <testcase classname="tutorialsninja.tests.Register" name="verifyWarningMessagesWithSpace" time="5.248"/>
  <testcase classname="tutorialsninja.tests.Register" name="VerifyPasswordFieldCompalacity" time="5.573"/>
  <testcase classname="tutorialsninja.tests.Register" name="VerifyPasswordFieldCompalacity" time="5.465"/>
  <testcase classname="tutorialsninja.tests.Register" name="VerifyPasswordFieldCompalacity" time="5.764"/>
  <testcase classname="tutorialsninja.tests.Register" name="VerifyPasswordFieldCompalacity" time="6.069"/>
  <testcase classname="tutorialsninja.tests.Register" name="VerifyPasswordFieldCompalacity" time="5.843"/>
  <testcase classname="tutorialsninja.tests.Register" name="VerifyPasswordFieldCompalacity" time="5.582"/>
  <testcase classname="tutorialsninja.tests.Register" name="VerifyLeadingAndTrilingSpaceWhileRegistration" time="6.467"/>
  <testcase classname="tutorialsninja.tests.Register" name="VerifyprivecyPoilicyDefaultChecked" time="3.650"/>
  <testcase classname="tutorialsninja.tests.Register" name="VerifyPrivecyPolicyWarningMessage" time="7.428"/>
  <testcase classname="tutorialsninja.tests.Register" name="verifyVisibilityTogglineOfPasswordFieldOnRegistredAccount" time="4.269"/>
  <testcase classname="tutorialsninja.tests.Register" name="verifyAllTheLinksOnRegisterPage" time="14.136"/>
  <testcase classname="tutorialsninja.tests.Register" name="VerifyBreadcurmURLTitleHeading" time="4.202"/>
</testsuite> <!-- tutorialsninja.tests.Register -->
