<?xml version="1.0" encoding="UTF-8"?>
<!-- Generated by org.testng.reporters.JUnitReportReporter -->
<testsuite hostname="LAPTOP-CL407034" failures="0" tests="1" name="GetRequest.FirstGetRequest" time="2.267" errors="0" timestamp="2025-07-03T12:57:08 IST" skipped="0">
  <testcase classname="GetRequest.FirstGetRequest" name="testCase01" time="2.267"/>
</testsuite> <!-- GetRequest.FirstGetRequest -->
