<?xml version="1.0" encoding="UTF-8"?>
<!-- Generated by org.testng.reporters.JUnitReportReporter -->
<testsuite hostname="LAPTOP-CL407034" failures="0" tests="9" name="tutorialsninja.tests.Login" time="50.215" errors="0" timestamp="2025-07-12T22:29:46 IST" skipped="0">
  <testcase classname="tutorialsninja.tests.Login" name="verifyLoginWithValidCredencials" time="5.669"/>
  <testcase classname="tutorialsninja.tests.Login" name="verifyLoginWithInvalidCredencial" time="5.563"/>
  <testcase classname="tutorialsninja.tests.Login" name="verifyLoginWithInvalidEmailWithValidPassword" time="5.632"/>
  <testcase classname="tutorialsninja.tests.Login" name="verifyLoginWithvalidEmailWithInValidPassword" time="5.644"/>
  <testcase classname="tutorialsninja.tests.Login" name="verifyLoginWithoutCredencial" time="5.209"/>
  <testcase classname="tutorialsninja.tests.Login" name="verifyForgottenPasswordLinkInLoginPage" time="5.432"/>
  <testcase classname="tutorialsninja.tests.Login" name="verifyLoginPlaceholder" time="4.565"/>
  <testcase classname="tutorialsninja.tests.Login" name="verifyBrowserBackAfterLogin" time="5.949"/>
  <testcase classname="tutorialsninja.tests.Login" name="VerifyBrowserBackAfterLogout" time="6.552"/>
</testsuite> <!-- tutorialsninja.tests.Login -->
