<?xml version="1.0" encoding="UTF-8"?>
<!-- Generated by org.testng.reporters.JUnitReportReporter -->
<testsuite hostname="LAPTOP-CL407034" failures="0" tests="1" name="tutorialsninja.tests.Search" time="5.382" errors="0" timestamp="2025-07-10T14:29:56 IST" skipped="0">
  <testcase classname="tutorialsninja.tests.Search" name="VerifySearchProductWithValid" time="5.382"/>
</testsuite> <!-- tutorialsninja.tests.Search -->
