<?xml version="1.0" encoding="UTF-8"?>
<!-- Generated by org.testng.reporters.JUnitReportReporter -->
<testsuite hostname="LAPTOP-CL407034" failures="0" tests="1" name="tutorialsninja.register.TC_RF_010" time="3.855" errors="0" timestamp="2025-06-19T18:35:15 IST" skipped="0">
  <testcase classname="tutorialsninja.register.TC_RF_010" name="VerifyMendatoryField" time="3.855"/>
</testsuite> <!-- tutorialsninja.register.TC_RF_010 -->
