<?xml version="1.0" encoding="UTF-8"?>
<!-- Generated by org.testng.reporters.JUnitReportReporter -->
<testsuite hostname="LAPTOP-CL407034" failures="0" tests="1" name="tutorialsninja.tests.Logout" time="6.790" errors="0" timestamp="2025-07-29T10:38:41 IST" skipped="0">
  <testcase classname="tutorialsninja.tests.Logout" name="verifylogoutFunctionalityFromSelectingRightSideOptions" time="6.790"/>
</testsuite> <!-- tutorialsninja.tests.Logout -->
