<?xml version="1.0" encoding="UTF-8"?>
<!-- Generated by org.testng.reporters.JUnitReportReporter -->
<testsuite hostname="LAPTOP-CL407034" failures="0" tests="1" name="tutorialsninja.register.TC_RF_006" time="5.436" errors="0" timestamp="2025-06-19T18:35:15 IST" skipped="0">
  <testcase classname="tutorialsninja.register.TC_RF_006" name="verifyWrongPasswordWaringMessage" time="5.436"/>
</testsuite> <!-- tutorialsninja.register.TC_RF_006 -->
