<?xml version="1.0" encoding="UTF-8"?>
<!-- Generated by org.testng.reporters.JUnitReportReporter -->
<testsuite hostname="LAPTOP-CL407034" failures="0" tests="1" name="tutorialsninja.tests.Logout" time="8.429" errors="0" timestamp="2025-07-23T08:23:58 IST" skipped="0">
  <testcase classname="tutorialsninja.tests.Logout" name="verifyLoggingOutWithUsingMyAccountDropDoown" time="8.429"/>
</testsuite> <!-- tutorialsninja.tests.Logout -->
